1611297908881	mozrunner::runner	INFO	Running command: "C:\\Program Files\\Mozilla Firefox\\firefox.exe" "-marionette" "-foreground" "-no-remote" "-profile" "C:\\Users\\juneli\\AppData\\Local\\Temp\\rust_mozprofile.eCaKVvGS6ICT"
Can't find symbol 'eglSwapBuffersWithDamageEXT'.
Can't find symbol 'eglSetDamageRegionKHR'.
JavaScript error: resource://gre/modules/XULStore.jsm, line 66: Error: Can't find profile directory.
console.warn: SearchSettings: "get: No settings file exists, new profile?" (new Error("", "(unknown module)"))
1611297913133	Marionette	INFO	Listening on port 60796
1611297913215	Marionette	WARN	TLS certificate errors will be ignored for this session
JavaScript error: resource://activity-stream/lib/ASRouter.jsm, line 987: NS_ERROR_ILLEGAL_VALUE: Component returned failure code: 0x80070057 (NS_ERROR_ILLEGAL_VALUE) [nsIObserverService.removeObserver]
console.error: services.settings: 
  main/fxmonitor-breaches Signature failed  TypeError: NetworkError when attempting to fetch resource.
1611297914970	Marionette	INFO	Stopped listening on port 60796

###!!! [Child][RunMessage] Error: Channel closing: too late to send/recv, messages will be lost

1611301106957	mozrunner::runner	INFO	Running command: "C:\\Program Files\\Mozilla Firefox\\firefox.exe" "-marionette" "-foreground" "-no-remote" "-profile" "C:\\Users\\juneli\\AppData\\Local\\Temp\\rust_mozprofile.YUQIVTOFdCI2"
Can't find symbol 'eglSwapBuffersWithDamageEXT'.
Can't find symbol 'eglSetDamageRegionKHR'.
JavaScript error: resource://gre/modules/XULStore.jsm, line 66: Error: Can't find profile directory.
console.warn: SearchSettings: "get: No settings file exists, new profile?" (new Error("", "(unknown module)"))
1611301110838	Marionette	INFO	Listening on port 61534
1611301111193	Marionette	WARN	TLS certificate errors will be ignored for this session
Can't find symbol 'eglSwapBuffersWithDamageEXT'.
Can't find symbol 'eglSetDamageRegionKHR'.
JavaScript warning: https://g.alicdn.com/??kissy/k/6.2.4/seed-min.js,kg/global-util/1.0.7/index-min.js,tb/tracker/4.3.12/index.js,kg/tb-nav/2.5.11/index-min.js,secdev/sufei_data/3.8.7/index.js, line 6: WebGL context was lost.
JavaScript error: https://ald.taobao.com/recommend2.htm?appId=03014&_ksTS=1611301163102_93&callback=jsonp94, line 2: ReferenceError: jsonp94 is not defined
JavaScript error: https://textlink.simba.taobao.com/?name=tbhs&cna&nn=&count=13&pid=430266_1006&_ksTS=1611301162988_71&callback=jsonp72, line 1: ReferenceError: jsonp72 is not defined
1611301187611	mozrunner::runner	INFO	Running command: "C:\\Program Files\\Mozilla Firefox\\firefox.exe" "-marionette" "-foreground" "-no-remote" "-profile" "C:\\Users\\juneli\\AppData\\Local\\Temp\\rust_mozprofile.V1wjlBGUH7dl"
Can't find symbol 'eglSwapBuffersWithDamageEXT'.
Can't find symbol 'eglSetDamageRegionKHR'.
JavaScript error: resource://gre/modules/XULStore.jsm, line 66: Error: Can't find profile directory.
console.warn: SearchSettings: "get: No settings file exists, new profile?" (new Error("", "(unknown module)"))
1611301192153	Marionette	INFO	Listening on port 61741
1611301192452	Marionette	WARN	TLS certificate errors will be ignored for this session
Can't find symbol 'eglSwapBuffersWithDamageEXT'.
Can't find symbol 'eglSetDamageRegionKHR'.
JavaScript warning: https://g.alicdn.com/??kissy/k/6.2.4/seed-min.js,kg/global-util/1.0.7/index-min.js,tb/tracker/4.3.12/index.js,kg/tb-nav/2.5.11/index-min.js,secdev/sufei_data/3.8.7/index.js, line 6: WebGL context was lost.
JavaScript error: https://textlink.simba.taobao.com/?name=tbhs&cna&nn=&count=13&pid=430266_1006&_ksTS=1611301214417_71&callback=jsonp72, line 1: ReferenceError: jsonp72 is not defined
JavaScript warning: https://g.alicdn.com/??kissy/k/6.2.4/seed-min.js,kg/global-util/1.0.7/index-min.js,tb/tracker/4.3.12/index.js,kg/tb-nav/2.5.11/index-min.js,secdev/sufei_data/3.8.7/index.js, line 6: WebGL context was lost.
JavaScript warning: https://g.alicdn.com/??kissy/k/6.2.4/seed-min.js,kg/global-util/1.0.7/index-min.js,tb/tracker/4.3.12/index.js,kg/tb-nav/2.5.11/index-min.js,secdev/sufei_data/3.8.7/index.js, line 6: WebGL context was lost.
JavaScript error: https://textlink.simba.taobao.com/?name=tbhs&cna=aW%20RGAPhvQ4CATFMzgH%200AQb&nn=&count=13&pid=430266_1006&_ksTS=1611301258381_74&callback=jsonp75, line 1: ReferenceError: jsonp75 is not defined
JavaScript warning: https://g.alicdn.com/??xlly/spl/rp.js,secdev/nsv/1.0.78/ns_e_88_3_n.js, line 5: WebGL context was lost.
JavaScript warning: https://g.alicdn.com/AWSC/et/1.62.1/et_n.js, line 4: WebGL context was lost.

###!!! [Child][MessageChannel] Error: (msgtype=0x3C0001,name=PCookieService::Msg_SetCookies) Closed channel: cannot send/recv


###!!! [Child][MessageChannel] Error: (msgtype=0x3C0001,name=PCookieService::Msg_SetCookies) Closed channel: cannot send/recv


###!!! [Child][MessageChannel] Error: (msgtype=0x3C0001,name=PCookieService::Msg_SetCookies) Closed channel: cannot send/recv


###!!! [Child][MessageChannel] Error: (msgtype=0x3A014B,name=PContent::Msg_DiscardBrowsingContext) Closed channel: cannot send/recv


###!!! [Child][MessageChannel] Error: (msgtype=0x3A015D,name=PContent::Msg_CommitWindowContextTransaction) Closed channel: cannot send/recv


###!!! [Child][MessageChannel] Error: (msgtype=0x3A014B,name=PContent::Msg_DiscardBrowsingContext) Closed channel: cannot send/recv


###!!! [Child][MessageChannel] Error: (msgtype=0x3A015D,name=PContent::Msg_CommitWindowContextTransaction) Closed channel: cannot send/recv


###!!! [Child][MessageChannel] Error: (msgtype=0x57001B,name=PHal::Msg_DisableSensorNotifications) Closed channel: cannot send/recv

lSetDamageRegionKHR'.
JavaScript error: resource://gre/modules/XULStore.jsm, line 66: Error: Can't find profile directory.
console.warn: SearchSettings: "get: No settings file exists, new profile?" (new Error("", "(unknown module)"))
1611379309202	Marionette	INFO	Listening on port 49942
1611379309500	Marionette	WARN	TLS certificate errors will be ignored for this session
JavaScript warning: http://erp.lemfix.com/js/layer/3.1/layer.js, line 1173: unreachable code after return statement
JavaScript warning: http://erp.lemfix.com/js/layer/3.1/layer.js, line 1173: unreachable code after return statement
JavaScript warning: http://erp.lemfix.com/js/layer/3.1/layer.js, line 1173: unreachable code after return statement

###!!! [Child][MessageChannel] Error: (msgtype=0x6B0027,name=PNecko::Msg_RemoveRequestContext) Closed channel: cannot send/recv


###!!! [Child][MessageChannel] Error: (msgtype=0x6B0027,name=PNecko::Msg_RemoveRequestContext) Closed channel: cannot send/recv


###!!! [Child][MessageChannel] Error: (msgtype=0x6B0027,name=PNecko::Msg_RemoveRequestContext) Closed channel: cannot send/recv


###!!! [Child][MessageChannel] Error: (msgtype=0x3A014B,name=PContent::Msg_DiscardBrowsingContext) Closed channel: cannot send/recv

1611452068954	mozrunner::runner	INFO	Running command: "C:\\Program Files\\Mozilla Firefox\\firefox.exe" "-marionette" "-foreground" "-no-remote" "-profile" "C:\\Users\\juneli\\AppData\\Local\\Temp\\rust_mozprofile.KtCppgWhz8XY"
Can't find symbol 'eglSwapBuffersWithDamageEXT'.
Can't find symbol 'eglSetDamageRegionKHR'.
JavaScript error: resource://gre/modules/XULStore.jsm, line 66: Error: Can't find profile directory.
console.warn: SearchSettings: "get: No settings file exists, new profile?" (new Error("", "(unknown module)"))
1611452073225	Marionette	INFO	Listening on port 50929
1611452073283	Marionette	WARN	TLS certificate errors will be ignored for this session
JavaScript warning: http://erp.lemfix.com/js/layer/3.1/layer.js, line 1173: unreachable code after return statement
JavaScript warning: http://erp.lemfix.com/js/layer/3.1/layer.js, line 1173: unreachable code after return statement
JavaScript warning: http://erp.lemfix.com/js/layer/3.1/layer.js, line 1173: unreachable code after return statement
JavaScript warning: http://erp.lemfix.com/js/layer/3.1/layer.js, line 1173: unreachable code after return statement
console.warn: "Async method failed in safeAsyncMethod" (new Error("Connection closed, pending request to server0.conn0.child3/domwalker25, type cancelPick failed\n\nRequest stack:\nrequest@resource://devtools/shared/protocol/Front.js:288:14\ngenerateRequestMethods/</frontProto[name]@resource://devtools/shared/protocol/Front/FrontClassWithSpec.js:46:19\ncancelPick@resource://devtools/client/fronts/walker.js:617:18\nexports.safeAsyncMethod/<@resource://devtools/shared/async-utils.js:57:25\n_onInspectorFrontDestroyed@resource://devtools/client/inspector/node-picker.js:112:18\n_emit@resource://devtools/shared/event-emitter.js:226:34\nemit@resource://devtools/shared/event-emitter.js:172:18\nemit@resource://devtools/shared/event-emitter.js:324:18\nunmanage@resource://devtools/shared/protocol/Front.js:168:37\ndestroy@resource://devtools/shared/protocol/Pool.js:167:14\nbaseFrontClassDestroy@resource://devtools/shared/protocol/Front.js:103:13\ndestroy@resource://devtools/shared/protocol/Front.js:67:10\ndestroy@resource://devtools/client/fronts/inspector.js:96:11\n_destroyTarget@resource://devtools/client/fronts/targets/target-mixin.js:604:17\n", "resource://devtools/shared/protocol/Front.js", 99))
1611498558629	Marionette	INFO	Stopped listening on port 50929

###!!! [Child][RunMessage] Error: Channel closing: too late to send/recv, messages will be lost

tement
1611501717550	Marionette	INFO	Stopped listening on port 58671

###!!! [Child][RunMessage] Error: Channel closing: too late to send/recv, messages will be lost

rs\\juneli\\AppData\\Local\\Temp\\rust_mozprofile.HgMjXN3BZnby"
Can't find symbol 'eglSwapBuffersWithDamageEXT'.
Can't find symbol 'eglSetDamageRegionKHR'.
JavaScript error: resource://gre/modules/XULStore.jsm, line 66: Error: Can't find profile directory.
console.warn: SearchSettings: "get: No settings file exists, new profile?" (new Error("", "(unknown module)"))
1611497824998	Marionette	INFO	Listening on port 58755
1611497825135	Marionette	WARN	TLS certificate errors will be ignored for this session
JavaScript warning: http://erp.lemfix.com/js/layer/3.1/layer.js, line 1173: unreachable code after return statement
JavaScript warning: http://erp.lemfix.com/js/layer/3.1/layer.js, line 1173: unreachable code after return statement
JavaScript warning: http://erp.lemfix.com/js/layer/3.1/layer.js, line 1173: unreachable code after return statement
1611501714484	Marionette	INFO	Stopped listening on port 58755

###!!! [Child][RunMessage] Error: Channel closing: too late to send/recv, messages will be lost

rs\\juneli\\AppData\\Local\\Temp\\rust_mozprofile.DGdIAEG6i6bI"
Can't find symbol 'eglSwapBuffersWithDamageEXT'.
Can't find symbol 'eglSetDamageRegionKHR'.
JavaScript error: resource://gre/modules/XULStore.jsm, line 66: Error: Can't find profile directory.
console.warn: SearchSettings: "get: No settings file exists, new profile?" (new Error("", "(unknown module)"))
1611498077415	Marionette	INFO	Listening on port 58976
1611498077549	Marionette	WARN	TLS certificate errors will be ignored for this session
JavaScript warning: http://erp.lemfix.com/js/layer/3.1/layer.js, line 1173: unreachable code after return statement
JavaScript warning: http://erp.lemfix.com/js/layer/3.1/layer.js, line 1173: unreachable code after return statement
JavaScript warning: http://erp.lemfix.com/js/layer/3.1/layer.js, line 1173: unreachable code after return statement
JavaScript error: resource://devtools/client/fronts/node.js, line 418: TypeError: this.parentFront is null
1611501711889	Marionette	INFO	Stopped listening on port 58976

###!!! [Child][RunMessage] Error: Channel closing: too late to send/recv, messages will be lost

rs\\juneli\\AppData\\Local\\Temp\\rust_mozprofile.enjrGz3SxFBa"
Can't find symbol 'eglSwapBuffersWithDamageEXT'.
Can't find symbol 'eglSetDamageRegionKHR'.
JavaScript error: resource://gre/modules/XULStore.jsm, line 66: Error: Can't find profile directory.
console.warn: SearchSettings: "get: No settings file exists, new profile?" (new Error("", "(unknown module)"))
1611499408953	Marionette	INFO	Listening on port 59854
1611499409020	Marionette	WARN	TLS certificate errors will be ignored for this session
JavaScript warning: http://erp.lemfix.com/js/layer/3.1/layer.js, line 1173: unreachable code after return statement
JavaScript warning: http://erp.lemfix.com/js/layer/3.1/layer.js, line 1173: unreachable code after return statement
JavaScript warning: http://erp.lemfix.com/js/layer/3.1/layer.js, line 1173: unreachable code after return statement
console.error: Region.jsm: "Error fetching region" (new Error("TIMEOUT", "resource://gre/modules/Region.jsm", 726))
console.error: Region.jsm: "Failed to fetch region" (new Error("TIMEOUT", "resource://gre/modules/Region.jsm", 376))
1611501706735	Marionette	INFO	Stopped listening on port 59854

###!!! [Child][RunMessage] Error: Channel closing: too late to send/recv, messages will be lost

rs\\juneli\\AppData\\Local\\Temp\\rust_mozprofile.8GWWYcWIW1o7"
Can't find symbol 'eglSwapBuffersWithDamageEXT'.
Can't find symbol 'eglSetDamageRegionKHR'.
JavaScript error: resource://gre/modules/XULStore.jsm, line 66: Error: Can't find profile directory.
console.warn: SearchSettings: "get: No settings file exists, new profile?" (new Error("", "(unknown module)"))
1611499452749	Marionette	INFO	Listening on port 59938
1611499453133	Marionette	WARN	TLS certificate errors will be ignored for this session
JavaScript warning: http://erp.lemfix.com/js/layer/3.1/layer.js, line 1173: unreachable code after return statement
JavaScript warning: http://erp.lemfix.com/js/layer/3.1/layer.js, line 1173: unreachable code after return statement
JavaScript warning: http://erp.lemfix.com/js/layer/3.1/layer.js, line 1173: unreachable code after return statement
console.error: Region.jsm: "Error fetching region" (new Error("TIMEOUT", "resource://gre/modules/Region.jsm", 726))
console.error: Region.jsm: "Failed to fetch region" (new Error("TIMEOUT", "resource://gre/modules/Region.jsm", 376))
1611501713238	Marionette	INFO	Stopped listening on port 59938

###!!! [Child][RunMessage] Error: Channel closing: too late to send/recv, messages will be lost

1611501727033	mozrunner::runner	INFO	Running command: "C:\\Program Files\\Mozilla Firefox\\firefox.exe" "-marionette" "-foreground" "-no-remote" "-profile" "C:\\Users\\juneli\\AppData\\Local\\Temp\\rust_mozprofile.L2GqB02HHzy6"
Can't find symbol 'eglSwapBuffersWithDamageEXT'.
Can't find symbol 'eglSetDamageRegionKHR'.
JavaScript error: resource://gre/modules/XULStore.jsm, line 66: Error: Can't find profile directory.
console.warn: SearchSettings: "get: No settings file exists, new profile?" (new Error("", "(unknown module)"))
1611501733741	Marionette	INFO	Listening on port 64632
1611501734057	Marionette	WARN	TLS certificate errors will be ignored for this session
JavaScript warning: http://erp.lemfix.com/js/layer/3.1/layer.js, line 1173: unreachable code after return statement
JavaScript warning: http://erp.lemfix.com/js/layer/3.1/layer.js, line 1173: unreachable code after return statement
JavaScript warning: http://erp.lemfix.com/js/layer/3.1/layer.js, line 1173: unreachable code after return statement
1611502645337	Marionette	INFO	Stopped listening on port 64632

###!!! [Child][RunMessage] Error: Channel closing: too late to send/recv, messages will be lost

rs\\juneli\\AppData\\Local\\Temp\\rust_mozprofile.EGrMp6Mkejol"
Can't find symbol 'eglSwapBuffersWithDamageEXT'.
Can't find symbol 'eglSetDamageRegionKHR'.
JavaScript error: resource://gre/modules/XULStore.jsm, line 66: Error: Can't find profile directory.
console.warn: SearchSettings: "get: No settings file exists, new profile?" (new Error("", "(unknown module)"))
1611501959048	Marionette	INFO	Listening on port 64835
1611501959094	Marionette	WARN	TLS certificate errors will be ignored for this session
JavaScript warning: http://erp.lemfix.com/js/layer/3.1/layer.js, line 1173: unreachable code after return statement
JavaScript warning: http://erp.lemfix.com/js/layer/3.1/layer.js, line 1173: unreachable code after return statement
JavaScript warning: http://erp.lemfix.com/js/layer/3.1/layer.js, line 1173: unreachable code after return statement

###!!! [Child][MessageChannel] Error: (msgtype=0x6B0027,name=PNecko::Msg_RemoveRequestContext) Closed channel: cannot send/recv


###!!! [Child][MessageChannel] Error: (msgtype=0x6B0027,name=PNecko::Msg_RemoveRequestContext) Closed channel: cannot send/recv


###!!! [Child][MessageChannel] Error: (msgtype=0x6B0027,name=PNecko::Msg_RemoveRequestContext) Closed channel: cannot send/recv


###!!! [Child][MessageChannel] Error: (msgtype=0x6B0027,name=PNecko::Msg_RemoveRequestContext) Closed channel: cannot send/recv


###!!! [Child][MessageChannel] Error: (msgtype=0x3A014B,name=PContent::Msg_DiscardBrowsingContext) Closed channel: cannot send/recv


###!!! [Child][MessageChannel] Error: (msgtype=0x3A014B,name=PContent::Msg_DiscardBrowsingContext) Closed channel: cannot send/recv


###!!! [Child][MessageChannel] Error: (msgtype=0x3A014B,name=PContent::Msg_DiscardBrowsingContext) Closed channel: cannot send/recv

1611554535281	mozrunner::runner	INFO	Running command: "C:\\Program Files\\Mozilla Firefox\\firefox.exe" "-marionette" "-foreground" "-no-remote" "-profile" "C:\\Users\\juneli\\AppData\\Local\\Temp\\rust_mozprofile.UxvU0pXpNjIz"
Can't find symbol 'eglSwapBuffersWithDamageEXT'.
Can't find symbol 'eglSetDamageRegionKHR'.
JavaScript error: resource://gre/modules/XULStore.jsm, line 66: Error: Can't find profile directory.
console.warn: SearchSettings: "get: No settings file exists, new profile?" (new Error("", "(unknown module)"))
1611554538036	Marionette	INFO	Listening on port 59149
1611554538485	Marionette	WARN	TLS certificate errors will be ignored for this session
JavaScript warning: http://erp.lemfix.com/js/layer/3.1/layer.js, line 1173: unreachable code after return statement
JavaScript warning: http://erp.lemfix.com/js/layer/3.1/layer.js, line 1173: unreachable code after return statement
JavaScript warning: http://erp.lemfix.com/js/layer/3.1/layer.js, line 1173: unreachable code after return statement
console.error: Region.jsm: "Error fetching region" (new Error("TIMEOUT", "resource://gre/modules/Region.jsm", 726))
console.error: Region.jsm: "Failed to fetch region" (new Error("TIMEOUT", "resource://gre/modules/Region.jsm", 376))
1611554916767	Marionette	INFO	Stopped listening on port 59149

###!!! [Child][RunMessage] Error: Channel closing: too late to send/recv, messages will be lost

rs\\juneli\\AppData\\Local\\Temp\\rust_mozprofile.ZVAwcI1g1bFz"
Can't find symbol 'eglSwapBuffersWithDamageEXT'.
Can't find symbol 'eglSetDamageRegionKHR'.
JavaScript error: resource://gre/modules/XULStore.jsm, line 66: Error: Can't find profile directory.
console.warn: SearchSettings: "get: No settings file exists, new profile?" (new Error("", "(unknown module)"))
1611554652558	Marionette	INFO	Listening on port 59286
1611554652797	Marionette	WARN	TLS certificate errors will be ignored for this session
JavaScript warning: http://erp.lemfix.com/js/layer/3.1/layer.js, line 1173: unreachable code after return statement
JavaScript warning: http://erp.lemfix.com/js/layer/3.1/layer.js, line 1173: unreachable code after return statement
JavaScript warning: http://erp.lemfix.com/js/layer/3.1/layer.js, line 1173: unreachable code after return statement
1611554918373	Marionette	INFO	Stopped listening on port 59286
ram Files\\Mozilla Firefox\\firefox.exe" "-marionette" "-foreground" "-no-remote" "-profile" "C:\\Users\\juneli\\AppData\\Local\\Temp\\rust_mozprofile.VymGu7g7dyWu"
Can't find symbol 'eglSwapBuffersWithDamageEXT'.
Can't find symbol 'eglSetDamageRegionKHR'.
JavaScript error: resource://gre/modules/XULStore.jsm, line 66: Error: Can't find profile directory.
console.warn: SearchSettings: "get: No settings file exists, new profile?" (new Error("", "(unknown module)"))
1611554806917	Marionette	INFO	Listening on port 59454
1611554807150	Marionette	WARN	TLS certificate errors will be ignored for this session
JavaScript warning: http://erp.lemfix.com/js/layer/3.1/layer.js, line 1173: unreachable code after return statement
JavaScript warning: http://erp.lemfix.com/js/layer/3.1/layer.js, line 1173: unreachable code after return statement
JavaScript warning: http://erp.lemfix.com/js/layer/3.1/layer.js, line 1173: unreachable code after return statement
1611554919845	Marionette	INFO	Stopped listening on port 59454

###!!! [Child][RunMessage] Error: Channel closing: too late to send/recv, messages will be lost

rs\\juneli\\AppData\\Local\\Temp\\rust_mozprofile.4IjhTBW5xBUC"
Can't find symbol 'eglSwapBuffersWithDamageEXT'.
Can't find symbol 'eglSetDamageRegionKHR'.
JavaScript error: resource://gre/modules/XULStore.jsm, line 66: Error: Can't find profile directory.
console.warn: SearchSettings: "get: No settings file exists, new profile?" (new Error("", "(unknown module)"))
1611554913761	Marionette	INFO	Listening on port 59586
1611554913982	Marionette	WARN	TLS certificate errors will be ignored for this session
JavaScript warning: http://erp.lemfix.com/js/layer/3.1/layer.js, line 1173: unreachable code after return statement
JavaScript warning: http://erp.lemfix.com/js/layer/3.1/layer.js, line 1173: unreachable code after return statement
JavaScript warning: http://erp.lemfix.com/js/layer/3.1/layer.js, line 1173: unreachable code after return statement
1611564583554	Marionette	INFO	Stopped listening on port 59586

###!!! [Child][RunMessage] Error: Channel closing: too late to send/recv, messages will be lost

rs\\juneli\\AppData\\Local\\Temp\\rust_mozprofile.3M0jZrypecap"
Can't find symbol 'eglSwapBuffersWithDamageEXT'.
Can't find symbol 'eglSetDamageRegionKHR'.
JavaScript error: resource://gre/modules/XULStore.jsm, line 66: Error: Can't find profile directory.
console.warn: SearchSettings: "get: No settings file exists, new profile?" (new Error("", "(unknown module)"))
1611555517340	Marionette	INFO	Listening on port 60028
1611555517652	Marionette	WARN	TLS certificate errors will be ignored for this session
JavaScript warning: http://erp.lemfix.com/js/layer/3.1/layer.js, line 1173: unreachable code after return statement
JavaScript warning: http://erp.lemfix.com/js/layer/3.1/layer.js, line 1173: unreachable code after return statement
JavaScript warning: http://erp.lemfix.com/js/layer/3.1/layer.js, line 1173: unreachable code after return statement
console.error: Region.jsm: "Error fetching region" (new Error("TIMEOUT", "resource://gre/modules/Region.jsm", 726))
console.error: Region.jsm: "Failed to fetch region" (new Error("TIMEOUT", "resource://gre/modules/Region.jsm", 376))
1611564584621	Marionette	INFO	Stopped listening on port 60028

###!!! [Child][RunMessage] Error: Channel closing: too late to send/recv, messages will be lost

rs\\juneli\\AppData\\Local\\Temp\\rust_mozprofile.WCCkxCaHqq5F"
Can't find symbol 'eglSwapBuffersWithDamageEXT'.
Can't find symbol 'eglSetDamageRegionKHR'.
JavaScript error: resource://gre/modules/XULStore.jsm, line 66: Error: Can't find profile directory.
console.warn: SearchSettings: "get: No settings file exists, new profile?" (new Error("", "(unknown module)"))
1611556858285	Marionette	INFO	Listening on port 60749
1611556858581	Marionette	WARN	TLS certificate errors will be ignored for this session
JavaScript warning: http://erp.lemfix.com/js/layer/3.1/layer.js, line 1173: unreachable code after return statement
JavaScript warning: http://erp.lemfix.com/js/layer/3.1/layer.js, line 1173: unreachable code after return statement
JavaScript warning: http://erp.lemfix.com/js/layer/3.1/layer.js, line 1173: unreachable code after return statement
1611564586057	Marionette	INFO	Stopped listening on port 60749
ram Files\\Mozilla Firefox\\firefox.exe" "-marionette" "-foreground" "-no-remote" "-profile" "C:\\Users\\juneli\\AppData\\Local\\Temp\\rust_mozprofile.68PxuOay1qnV"
Can't find symbol 'eglSwapBuffersWithDamageEXT'.
Can't find symbol 'eglSetDamageRegionKHR'.
JavaScript error: resource://gre/modules/XULStore.jsm, line 66: Error: Can't find profile directory.
console.warn: SearchSettings: "get: No settings file exists, new profile?" (new Error("", "(unknown module)"))
1611556972616	Marionette	INFO	Listening on port 60878
1611556973104	Marionette	WARN	TLS certificate errors will be ignored for this session
JavaScript warning: http://erp.lemfix.com/js/layer/3.1/layer.js, line 1173: unreachable code after return statement
JavaScript warning: http://erp.lemfix.com/js/layer/3.1/layer.js, line 1173: unreachable code after return statement
JavaScript warning: http://erp.lemfix.com/js/layer/3.1/layer.js, line 1173: unreachable code after return statement
1611564587543	Marionette	INFO	Stopped listening on port 60878

###!!! [Child][RunMessage] Error: Channel closing: too late to send/recv, messages will be lost

